<?xml version='1.0' encoding='UTF-8'?>
<result plugin="junit@1.13">
  <suites>
    <suite>
      <file>/var/lib/jenkins/workspace/Honeycomb - Master build/target/surefire-reports/TEST-fi.core.UserTest.xml</file>
      <name>fi.core.UserTest</name>
      <duration>0.678</duration>
      <time>0.678</time>
      <cases>
        <case>
          <duration>0.653</duration>
          <className>fi.core.UserTest</className>
          <testName>getApiToken</testName>
          <skipped>false</skipped>
          <failedSince>0</failedSince>
        </case>
        <case>
          <duration>0.011</duration>
          <className>fi.core.UserTest</className>
          <testName>getPassword</testName>
          <skipped>false</skipped>
          <failedSince>0</failedSince>
        </case>
        <case>
          <duration>0.001</duration>
          <className>fi.core.UserTest</className>
          <testName>User</testName>
          <skipped>false</skipped>
          <failedSince>0</failedSince>
        </case>
        <case>
          <duration>0.004</duration>
          <className>fi.core.UserTest</className>
          <testName>isValidUser</testName>
          <skipped>false</skipped>
          <failedSince>0</failedSince>
        </case>
        <case>
          <duration>0.001</duration>
          <className>fi.core.UserTest</className>
          <testName>getUsername</testName>
          <skipped>false</skipped>
          <failedSince>0</failedSince>
        </case>
        <case>
          <duration>0.008</duration>
          <className>fi.core.UserTest</className>
          <testName>ExceptionisValidUser</testName>
          <skipped>false</skipped>
          <failedSince>0</failedSince>
        </case>
      </cases>
    </suite>
    <suite>
      <file>/var/lib/jenkins/workspace/Honeycomb - Master build/target/surefire-reports/TEST-loggi.faultinjection.LoggiTest.xml</file>
      <name>loggi.faultinjection.LoggiTest</name>
      <duration>0.22</duration>
      <time>0.22</time>
      <cases>
        <case>
          <duration>0.215</duration>
          <className>loggi.faultinjection.LoggiTest</className>
          <testName>testErrorException</testName>
          <skipped>false</skipped>
          <failedSince>0</failedSince>
        </case>
        <case>
          <duration>0.001</duration>
          <className>loggi.faultinjection.LoggiTest</className>
          <testName>testLog</testName>
          <skipped>false</skipped>
          <failedSince>0</failedSince>
        </case>
        <case>
          <duration>0.001</duration>
          <className>loggi.faultinjection.LoggiTest</className>
          <testName>testError</testName>
          <skipped>false</skipped>
          <failedSince>0</failedSince>
        </case>
        <case>
          <duration>0.001</duration>
          <className>loggi.faultinjection.LoggiTest</className>
          <testName>testStart</testName>
          <skipped>false</skipped>
          <failedSince>0</failedSince>
        </case>
        <case>
          <duration>0.001</duration>
          <className>loggi.faultinjection.LoggiTest</className>
          <testName>testFile</testName>
          <skipped>false</skipped>
          <failedSince>0</failedSince>
        </case>
        <case>
          <duration>0.001</duration>
          <className>loggi.faultinjection.LoggiTest</className>
          <testName>testFinish</testName>
          <skipped>false</skipped>
          <failedSince>0</failedSince>
        </case>
      </cases>
    </suite>
  </suites>
  <duration>0.898</duration>
  <keepLongStdio>false</keepLongStdio>
</result>